<?xml version="1.0" encoding="UTF-8"?>
<testng-results skipped="0" failed="0" ignored="0" total="2" passed="2">
  <reporter-output>
  </reporter-output>
  <suite name="Suite1" duration-ms="99920" started-at="2018-03-14T14:32:01Z" finished-at="2018-03-14T14:33:41Z">
    <groups>
    </groups>
    <test name="FirefoxbrowserTest" duration-ms="87360" started-at="2018-03-14T14:32:01Z" finished-at="2018-03-14T14:33:28Z">
      <class name="com.ParallelTesting.ParallelTest">
        <test-method status="PASS" signature="initializeBrowser(java.lang.String)[pri:0, instance:com.ParallelTesting.ParallelTest@42e26948]" name="initializeBrowser" duration-ms="87322" started-at="2018-03-14T20:02:01Z" finished-at="2018-03-14T20:03:28Z">
          <params>
            <param index="0">
              <value>
                <![CDATA[firefox]]>
              </value>
            </param>
          </params>
          <reporter-output>
          </reporter-output>
        </test-method> <!-- initializeBrowser -->
      </class> <!-- com.ParallelTesting.ParallelTest -->
    </test> <!-- FirefoxbrowserTest -->
    <test name="ChromebrowserTest" duration-ms="99920" started-at="2018-03-14T14:32:01Z" finished-at="2018-03-14T14:33:41Z">
      <class name="com.ParallelTesting.ParallelTest">
        <test-method status="PASS" signature="initializeBrowser(java.lang.String)[pri:0, instance:com.ParallelTesting.ParallelTest@28d25987]" name="initializeBrowser" duration-ms="99886" started-at="2018-03-14T20:02:01Z" finished-at="2018-03-14T20:03:41Z">
          <params>
            <param index="0">
              <value>
                <![CDATA[chrome]]>
              </value>
            </param>
          </params>
          <reporter-output>
          </reporter-output>
        </test-method> <!-- initializeBrowser -->
      </class> <!-- com.ParallelTesting.ParallelTest -->
    </test> <!-- ChromebrowserTest -->
  </suite> <!-- Suite1 -->
</testng-results>
